<?xml version="1.0" encoding="UTF-8"?>
<!-- Generated by org.testng.reporters.JUnitReportReporter -->
<testsuite hostname="DSK-541" failures="0" tests="2" name="MainClass.SearchBarTestCaseScript" time="50.446" errors="0" timestamp="2021-03-15T14:13:45 IST" skipped="0">
  <testcase classname="MainClass.SearchBarTestCaseScript" name="validSearch" time="21.687"/>
  <system-out/>
  <testcase classname="MainClass.SearchBarTestCaseScript" name="invalidSearch" time="28.759"/>
  <system-out/>
</testsuite> <!-- MainClass.SearchBarTestCaseScript -->
