<?xml version="1.0" encoding="UTF-8"?>
<!-- Generated by org.testng.reporters.JUnitReportReporter -->
<testsuite hostname="DSK-541" failures="0" tests="1" name="MainClass.TesstScriptForLogIn" time="47.098" errors="0" timestamp="2021-03-11T19:20:18 IST" skipped="0">
  <testcase classname="MainClass.TesstScriptForLogIn" name="validSearch" time="47.098"/>
  <system-out/>
</testsuite> <!-- MainClass.TesstScriptForLogIn -->
