<?xml version="1.0" encoding="UTF-8"?>
<!-- Generated by org.testng.reporters.JUnitReportReporter -->
<testsuite hostname="DSK-541" failures="0" tests="1" name="MainClass.TesstScriptForLogIn" time="18.035" errors="0" timestamp="2021-03-12T12:30:42 IST" skipped="0">
  <testcase classname="MainClass.TesstScriptForLogIn" name="inValidEmailSearch" time="18.035"/>
  <system-out/>
</testsuite> <!-- MainClass.TesstScriptForLogIn -->
