<?xml version="1.0" encoding="UTF-8"?>
<!-- Generated by org.testng.reporters.JUnitReportReporter -->
<testsuite hostname="DSK-541" failures="0" tests="1" name="MainClass.LogInTestCaseScript" time="18.843" errors="0" timestamp="2021-03-15T14:12:28 IST" skipped="0">
  <testcase classname="MainClass.LogInTestCaseScript" name="inValidEmailSearch" time="18.843"/>
  <system-out/>
</testsuite> <!-- MainClass.LogInTestCaseScript -->
