<?xml version="1.0" encoding="UTF-8"?>
<!-- Generated by org.testng.reporters.JUnitReportReporter -->
<testsuite hostname="DSK-541" failures="0" tests="3" name="MainClass.TestScript" time="52.583" errors="0" timestamp="2021-03-11T16:02:48 IST" skipped="0">
  <testcase classname="MainClass.TestScript" name="contactUsWithFillUpAllDetails" time="17.172"/>
  <system-out/>
  <testcase classname="MainClass.TestScript" name="contactUsWIthNotFillingUpEmailAddress" time="17.988"/>
  <system-out/>
  <testcase classname="MainClass.TestScript" name="contactUsWithNotFillingOrderReferenceAndAttachFile" time="17.423"/>
  <system-out/>
</testsuite> <!-- MainClass.TestScript -->
