<?xml version="1.0" encoding="UTF-8"?>
<!-- Generated by org.testng.reporters.JUnitReportReporter -->
<testsuite hostname="DSK-541" failures="0" tests="7" name="MainClass.SearchBarTestCaseScript" time="64.036" errors="0" timestamp="2021-03-18T19:03:34 IST" skipped="0">
  <testcase classname="MainClass.SearchBarTestCaseScript" name="validSearch" time="6.430"/>
  <system-out/>
  <testcase classname="MainClass.SearchBarTestCaseScript" name="validSearch" time="7.536"/>
  <system-out/>
  <testcase classname="MainClass.SearchBarTestCaseScript" name="validSearch" time="17.965"/>
  <system-out/>
  <testcase classname="MainClass.SearchBarTestCaseScript" name="invalidSearch" time="9.231"/>
  <system-out/>
  <testcase classname="MainClass.SearchBarTestCaseScript" name="invalidSearch" time="7.291"/>
  <system-out/>
  <testcase classname="MainClass.SearchBarTestCaseScript" name="invalidSearch" time="5.764"/>
  <system-out/>
  <testcase classname="MainClass.SearchBarTestCaseScript" name="invalidSearch" time="9.819"/>
  <system-out/>
</testsuite> <!-- MainClass.SearchBarTestCaseScript -->
