<?xml version="1.0" encoding="UTF-8"?>
<!-- Generated by org.testng.reporters.JUnitReportReporter -->
<testsuite hostname="DSK-541" failures="0" tests="3" name="MainClass.TestScript" time="57.412" errors="0" timestamp="2021-03-11T15:36:57 IST" skipped="0">
  <testcase classname="MainClass.TestScript" name="contactUsWithFillUpAllDetails" time="21.584"/>
  <system-out/>
  <testcase classname="MainClass.TestScript" name="contactUsWIthNotFillingUpEmailAddress" time="17.733"/>
  <system-out/>
  <testcase classname="MainClass.TestScript" name="contactUsWithNotFillingOrderReferenceAndAttachFile" time="18.095"/>
  <system-out/>
</testsuite> <!-- MainClass.TestScript -->
